Using pre-set license
Built from '2020.2/release' branch; Version is '2020.2.4f1 (becced5a802b) revision 12504301'; Using compiler version '192528614'; Build Type 'Release'
OS: 'Windows 10 Home; OS build 22631.3593; Version 2009; 64bit' Language: 'en' Physical Memory: 5996 MB
BatchMode: 1, IsHumanControllingUs: 0, StartBugReporterOnCrash: 0, Is64bit: 1, IsPro: 0

 COMMAND LINE ARGUMENTS:
C:\Program Files\Unity\Hub\Editor\2020.2.4f1\Editor\Unity.exe
-adb2
-batchMode
-noUpm
-name
AssetImportWorker0
-projectPath
C:/Users/holmi/OneDrive/Documents/UPF/InterSys/lab1
-logFile
Logs/AssetImportWorker0.log
-srvPort
51808
Successfully changed project path to: C:/Users/holmi/OneDrive/Documents/UPF/InterSys/lab1
C:/Users/holmi/OneDrive/Documents/UPF/InterSys/lab1
Using Asset Import Pipeline V2.
Refreshing native plugins compatible for Editor in 130.54 ms, found 2 plugins.
Preloading 0 native plugins for Editor in 0.00 ms.
Initialize engine version: 2020.2.4f1 (becced5a802b)
[Subsystems] Discovering subsystems at path C:/Program Files/Unity/Hub/Editor/2020.2.4f1/Editor/Data/Resources/UnitySubsystems
[Subsystems] Discovering subsystems at path C:/Users/holmi/OneDrive/Documents/UPF/InterSys/lab1/Assets
GfxDevice: creating device client; threaded=0
Direct3D:
    Version:  Direct3D 11.0 [level 11.1]
    Renderer: NVIDIA GeForce RTX 3060 Laptop GPU (ID=0x2520)
    Vendor:   
    VRAM:     6012 MB
    Driver:   31.0.15.3197
Shader 'Universal Render Pipeline/Particles/Lit': fallback shader 'Universal Render Pipeline/Particles/SimpleLit' not found
Initialize mono
Mono path[0] = 'C:/Program Files/Unity/Hub/Editor/2020.2.4f1/Editor/Data/Managed'
Mono path[1] = 'C:/Program Files/Unity/Hub/Editor/2020.2.4f1/Editor/Data/MonoBleedingEdge/lib/mono/unityjit'
Mono config path = 'C:/Program Files/Unity/Hub/Editor/2020.2.4f1/Editor/Data/MonoBleedingEdge/etc'
Using monoOptions --debugger-agent=transport=dt_socket,embedding=1,server=y,suspend=n,address=127.0.0.1:56300
Begin MonoManager ReloadAssembly
Registering precompiled unity dll's ...
Register platform support module: C:/Program Files/Unity/Hub/Editor/2020.2.4f1/Editor/Data/PlaybackEngines/WindowsStandaloneSupport/UnityEditor.WindowsStandalone.Extensions.dll
Registered in 0.005075 seconds.
Native extension for WindowsStandalone target not found
Refreshing native plugins compatible for Editor in 113.78 ms, found 2 plugins.
Preloading 0 native plugins for Editor in 0.00 ms.
Invoked RoslynAnalysisRunner static constructor.
RoslynAnalysisRunner will not be running.
RoslynAnalysisRunner has terminated.
Mono: successfully reloaded assembly
- Completed reload, in  2.933 seconds
Platform modules already initialized, skipping
Registering precompiled user dll's ...
Registered in 0.011439 seconds.
Begin MonoManager ReloadAssembly
Native extension for WindowsStandalone target not found
Refreshing native plugins compatible for Editor in 129.09 ms, found 2 plugins.
Preloading 0 native plugins for Editor in 0.00 ms.
Invoked RoslynAnalysisRunner static constructor.
RoslynAnalysisRunner will not be running.
RoslynAnalysisRunner has terminated.
Mono: successfully reloaded assembly
- Completed reload, in  2.167 seconds
Platform modules already initialized, skipping
========================================================================
Worker process is ready to serve import requests
Shader 'Universal Render Pipeline/Particles/Lit': fallback shader 'Universal Render Pipeline/Particles/SimpleLit' not found
Launched and connected shader compiler UnityShaderCompiler.exe after 0.08 seconds
Refreshing native plugins compatible for Editor in 1.21 ms, found 2 plugins.
Preloading 0 native plugins for Editor in 0.00 ms.
Unloading 3823 Unused Serialized files (Serialized files now loaded: 0)
System memory in use before: 200.6 MB.
System memory in use after: 200.8 MB.

Unloading 14 unused Assets to reduce memory usage. Loaded Objects now: 4281.
Total: 4.190100 ms (FindLiveObjects: 0.894600 ms CreateObjectMapping: 0.216300 ms MarkObjects: 2.971100 ms  DeleteObjects: 0.106300 ms)

========================================================================
Received Import Request.
  path: Assets/Scenes/level_7.unity
  artifactKey: Guid(d12c9f5aba080bf4a8e32abd0a78d88b) Importer(815301076,1909f56bfc062723c751e8b465ee728b)
Start importing Assets/Scenes/level_7.unity using Guid(d12c9f5aba080bf4a8e32abd0a78d88b) Importer(815301076,1909f56bfc062723c751e8b465ee728b)  -> (artifact id: '4ce854b6839ea46959e60333ec58655e') in 0.033743 seconds
  Import took 0.047561 seconds .

========================================================================
Received Import Request.
  Time since last request: 0.001203 seconds.
  path: Assets/Scenes/level_6.unity
  artifactKey: Guid(4eea90594094a0743aba4933a75a3905) Importer(815301076,1909f56bfc062723c751e8b465ee728b)
Start importing Assets/Scenes/level_6.unity using Guid(4eea90594094a0743aba4933a75a3905) Importer(815301076,1909f56bfc062723c751e8b465ee728b)  -> (artifact id: '90397572c7244f24f49bd9dec76385d0') in 0.016230 seconds
  Import took 0.028362 seconds .

========================================================================
Received Import Request.
  Time since last request: 3.368739 seconds.
  path: Assets/Scenes/level_8.unity
  artifactKey: Guid(a05c17216b848394e95c434c9a2345ad) Importer(815301076,1909f56bfc062723c751e8b465ee728b)
Start importing Assets/Scenes/level_8.unity using Guid(a05c17216b848394e95c434c9a2345ad) Importer(815301076,1909f56bfc062723c751e8b465ee728b)  -> (artifact id: '0338b964d93ac7ffd360eea0932a0d0f') in 0.018433 seconds
  Import took 0.035797 seconds .

========================================================================
Received Import Request.
  Time since last request: 152.630925 seconds.
  path: Assets/Scenes/level_3.unity
  artifactKey: Guid(c0ca69c00cf00344a83e328b934a9b3c) Importer(815301076,1909f56bfc062723c751e8b465ee728b)
Start importing Assets/Scenes/level_3.unity using Guid(c0ca69c00cf00344a83e328b934a9b3c) Importer(815301076,1909f56bfc062723c751e8b465ee728b)  -> (artifact id: 'a11a658c9b3403c478771761946a4f82') in 0.026830 seconds
  Import took 0.040668 seconds .

========================================================================
Received Import Request.
  Time since last request: 17.870680 seconds.
  path: Assets/Scenes/level_8.unity
  artifactKey: Guid(a05c17216b848394e95c434c9a2345ad) Importer(815301076,1909f56bfc062723c751e8b465ee728b)
Start importing Assets/Scenes/level_8.unity using Guid(a05c17216b848394e95c434c9a2345ad) Importer(815301076,1909f56bfc062723c751e8b465ee728b)  -> (artifact id: 'b3904bb080e7e2dde7f83fab74187952') in 0.007953 seconds
  Import took 0.022047 seconds .

========================================================================
Received Import Request.
  Time since last request: 0.002361 seconds.
  path: Assets/Scenes/level_8.unity
  artifactKey: Guid(a05c17216b848394e95c434c9a2345ad) Importer(815301076,1909f56bfc062723c751e8b465ee728b)
Start importing Assets/Scenes/level_8.unity using Guid(a05c17216b848394e95c434c9a2345ad) Importer(815301076,1909f56bfc062723c751e8b465ee728b)  -> (artifact id: 'b3904bb080e7e2dde7f83fab74187952') in 0.006427 seconds
  Import took 0.021076 seconds .

========================================================================
Received Import Request.
  Time since last request: 41.513874 seconds.
  path: Assets/Scenes/level_7.unity
  artifactKey: Guid(d12c9f5aba080bf4a8e32abd0a78d88b) Importer(815301076,1909f56bfc062723c751e8b465ee728b)
Start importing Assets/Scenes/level_7.unity using Guid(d12c9f5aba080bf4a8e32abd0a78d88b) Importer(815301076,1909f56bfc062723c751e8b465ee728b)  -> (artifact id: '60f5848feacf0e844aa3a6b1da7ba26a') in 0.015406 seconds
  Import took 0.029485 seconds .

========================================================================
Received Prepare
Registering precompiled user dll's ...
Registered in 0.009221 seconds.
Begin MonoManager ReloadAssembly
Native extension for WindowsStandalone target not found
Refreshing native plugins compatible for Editor in 1.08 ms, found 2 plugins.
Preloading 0 native plugins for Editor in 0.00 ms.
Invoked RoslynAnalysisRunner static constructor.
RoslynAnalysisRunner will not be running.
RoslynAnalysisRunner has terminated.
Mono: successfully reloaded assembly
- Completed reload, in  1.548 seconds
Platform modules already initialized, skipping
Shader 'Universal Render Pipeline/Particles/Lit': fallback shader 'Universal Render Pipeline/Particles/SimpleLit' not found
Refreshing native plugins compatible for Editor in 1.10 ms, found 2 plugins.
Preloading 0 native plugins for Editor in 0.00 ms.
Unloading 3483 Unused Serialized files (Serialized files now loaded: 0)
System memory in use before: 182.9 MB.
System memory in use after: 183.1 MB.

Unloading 9 unused Assets to reduce memory usage. Loaded Objects now: 4283.
Total: 3.852300 ms (FindLiveObjects: 0.612600 ms CreateObjectMapping: 0.161100 ms MarkObjects: 3.049300 ms  DeleteObjects: 0.027400 ms)

========================================================================
Received Import Request.
  Time since last request: 38.454958 seconds.
  path: Assets/Scenes/level_7.unity
  artifactKey: Guid(d12c9f5aba080bf4a8e32abd0a78d88b) Importer(815301076,1909f56bfc062723c751e8b465ee728b)
Start importing Assets/Scenes/level_7.unity using Guid(d12c9f5aba080bf4a8e32abd0a78d88b) Importer(815301076,1909f56bfc062723c751e8b465ee728b)  -> (artifact id: '8d9953573f9c2d5cefd1ac17483d56a3') in 0.031007 seconds
  Import took 0.044133 seconds .

========================================================================
Received Import Request.
  Time since last request: 3.318395 seconds.
  path: Assets/Scenes/level_4.unity
  artifactKey: Guid(b322bd926303fcc4d97c9d0d83c3b17b) Importer(815301076,1909f56bfc062723c751e8b465ee728b)
Start importing Assets/Scenes/level_4.unity using Guid(b322bd926303fcc4d97c9d0d83c3b17b) Importer(815301076,1909f56bfc062723c751e8b465ee728b)  -> (artifact id: '1a94e0ca7c7b9e5b103e77606d1f0fcc') in 0.030247 seconds
  Import took 0.041705 seconds .

========================================================================
Received Import Request.
  Time since last request: 30.356684 seconds.
  path: Assets/Scenes/level_8.unity
  artifactKey: Guid(a05c17216b848394e95c434c9a2345ad) Importer(815301076,1909f56bfc062723c751e8b465ee728b)
Start importing Assets/Scenes/level_8.unity using Guid(a05c17216b848394e95c434c9a2345ad) Importer(815301076,1909f56bfc062723c751e8b465ee728b)  -> (artifact id: '7f42bd4e487fb63348388907a2dc10a5') in 0.006678 seconds
  Import took 0.025899 seconds .

========================================================================
Received Import Request.
  Time since last request: 0.001213 seconds.
  path: Assets/Scenes/level_8.unity
  artifactKey: Guid(a05c17216b848394e95c434c9a2345ad) Importer(815301076,1909f56bfc062723c751e8b465ee728b)
Start importing Assets/Scenes/level_8.unity using Guid(a05c17216b848394e95c434c9a2345ad) Importer(815301076,1909f56bfc062723c751e8b465ee728b)  -> (artifact id: '7f42bd4e487fb63348388907a2dc10a5') in 0.007595 seconds
  Import took 0.019567 seconds .

========================================================================
Received Import Request.
  Time since last request: 9.551861 seconds.
  path: Assets/Scenes/level_7.unity
  artifactKey: Guid(d12c9f5aba080bf4a8e32abd0a78d88b) Importer(815301076,1909f56bfc062723c751e8b465ee728b)
Start importing Assets/Scenes/level_7.unity using Guid(d12c9f5aba080bf4a8e32abd0a78d88b) Importer(815301076,1909f56bfc062723c751e8b465ee728b)  -> (artifact id: 'ec7da457d3a3870f8c342a3c0dde6919') in 0.005039 seconds
  Import took 0.024907 seconds .

========================================================================
Received Import Request.
  Time since last request: 0.003418 seconds.
  path: Assets/Scenes/level_7.unity
  artifactKey: Guid(d12c9f5aba080bf4a8e32abd0a78d88b) Importer(815301076,1909f56bfc062723c751e8b465ee728b)
Start importing Assets/Scenes/level_7.unity using Guid(d12c9f5aba080bf4a8e32abd0a78d88b) Importer(815301076,1909f56bfc062723c751e8b465ee728b)  -> (artifact id: 'ec7da457d3a3870f8c342a3c0dde6919') in 0.004512 seconds
  Import took 0.023658 seconds .

========================================================================
Received Import Request.
  Time since last request: 34.057371 seconds.
  path: Assets/Scenes/level_8.unity
  artifactKey: Guid(a05c17216b848394e95c434c9a2345ad) Importer(815301076,1909f56bfc062723c751e8b465ee728b)
Start importing Assets/Scenes/level_8.unity using Guid(a05c17216b848394e95c434c9a2345ad) Importer(815301076,1909f56bfc062723c751e8b465ee728b)  -> (artifact id: 'c020d92839bc8e1467c64cdac821e037') in 0.008280 seconds
  Import took 0.023051 seconds .

========================================================================
Received Import Request.
  Time since last request: 0.006628 seconds.
  path: Assets/Scenes/level_8.unity
  artifactKey: Guid(a05c17216b848394e95c434c9a2345ad) Importer(815301076,1909f56bfc062723c751e8b465ee728b)
Start importing Assets/Scenes/level_8.unity using Guid(a05c17216b848394e95c434c9a2345ad) Importer(815301076,1909f56bfc062723c751e8b465ee728b)  -> (artifact id: 'c020d92839bc8e1467c64cdac821e037') in 0.005541 seconds
  Import took 0.018357 seconds .

========================================================================
Received Prepare
Registering precompiled user dll's ...
Registered in 0.008408 seconds.
Begin MonoManager ReloadAssembly
Native extension for WindowsStandalone target not found
Refreshing native plugins compatible for Editor in 1.32 ms, found 2 plugins.
Preloading 0 native plugins for Editor in 0.00 ms.
Invoked RoslynAnalysisRunner static constructor.
RoslynAnalysisRunner will not be running.
RoslynAnalysisRunner has terminated.
Mono: successfully reloaded assembly
- Completed reload, in  1.586 seconds
Platform modules already initialized, skipping
Shader 'Universal Render Pipeline/Particles/Lit': fallback shader 'Universal Render Pipeline/Particles/SimpleLit' not found
Refreshing native plugins compatible for Editor in 1.27 ms, found 2 plugins.
Preloading 0 native plugins for Editor in 0.00 ms.
Unloading 3483 Unused Serialized files (Serialized files now loaded: 0)
System memory in use before: 183.0 MB.
System memory in use after: 183.2 MB.

Unloading 9 unused Assets to reduce memory usage. Loaded Objects now: 4285.
Total: 4.340600 ms (FindLiveObjects: 0.679600 ms CreateObjectMapping: 0.190800 ms MarkObjects: 3.427100 ms  DeleteObjects: 0.040800 ms)

========================================================================
Received Import Request.
  Time since last request: 199.540061 seconds.
  path: Assets/Scenes/level_6.unity
  artifactKey: Guid(4eea90594094a0743aba4933a75a3905) Importer(815301076,1909f56bfc062723c751e8b465ee728b)
Start importing Assets/Scenes/level_6.unity using Guid(4eea90594094a0743aba4933a75a3905) Importer(815301076,1909f56bfc062723c751e8b465ee728b)  -> (artifact id: '79247f4b9eaf1cd9306c6d7f556e2313') in 0.034382 seconds
  Import took 0.049966 seconds .

========================================================================
Received Import Request.
  Time since last request: 46.443033 seconds.
  path: Assets/Scenes/level_4.unity
  artifactKey: Guid(b322bd926303fcc4d97c9d0d83c3b17b) Importer(815301076,1909f56bfc062723c751e8b465ee728b)
Start importing Assets/Scenes/level_4.unity using Guid(b322bd926303fcc4d97c9d0d83c3b17b) Importer(815301076,1909f56bfc062723c751e8b465ee728b)  -> (artifact id: 'bfd0f1d3fa127e1d90c3ee6349f97422') in 0.017820 seconds
  Import took 0.036619 seconds .

========================================================================
Received Import Request.
  Time since last request: 47.991111 seconds.
  path: Assets/Scenes/level_8.unity
  artifactKey: Guid(a05c17216b848394e95c434c9a2345ad) Importer(815301076,1909f56bfc062723c751e8b465ee728b)
Start importing Assets/Scenes/level_8.unity using Guid(a05c17216b848394e95c434c9a2345ad) Importer(815301076,1909f56bfc062723c751e8b465ee728b)  -> (artifact id: '66befec1b6dd29627d2b61a4cea9f32d') in 0.024465 seconds
  Import took 0.043788 seconds .

========================================================================
Received Import Request.
  Time since last request: 19.300162 seconds.
  path: Assets/Scenes/level_7.unity
  artifactKey: Guid(d12c9f5aba080bf4a8e32abd0a78d88b) Importer(815301076,1909f56bfc062723c751e8b465ee728b)
Start importing Assets/Scenes/level_7.unity using Guid(d12c9f5aba080bf4a8e32abd0a78d88b) Importer(815301076,1909f56bfc062723c751e8b465ee728b)  -> (artifact id: 'b63147b0f41ab00c863c282604d13498') in 0.014375 seconds
  Import took 0.027445 seconds .

========================================================================
Received Import Request.
  Time since last request: 0.001032 seconds.
  path: Assets/Scenes/level_7.unity
  artifactKey: Guid(d12c9f5aba080bf4a8e32abd0a78d88b) Importer(815301076,1909f56bfc062723c751e8b465ee728b)
Start importing Assets/Scenes/level_7.unity using Guid(d12c9f5aba080bf4a8e32abd0a78d88b) Importer(815301076,1909f56bfc062723c751e8b465ee728b)  -> (artifact id: 'b63147b0f41ab00c863c282604d13498') in 0.004908 seconds
  Import took 0.016059 seconds .

========================================================================
Received Prepare
Registering precompiled user dll's ...
Registered in 0.007785 seconds.
Begin MonoManager ReloadAssembly
Native extension for WindowsStandalone target not found
Refreshing native plugins compatible for Editor in 1.07 ms, found 2 plugins.
Preloading 0 native plugins for Editor in 0.00 ms.
Invoked RoslynAnalysisRunner static constructor.
RoslynAnalysisRunner will not be running.
RoslynAnalysisRunner has terminated.
Mono: successfully reloaded assembly
- Completed reload, in  1.703 seconds
Platform modules already initialized, skipping
Shader 'Universal Render Pipeline/Particles/Lit': fallback shader 'Universal Render Pipeline/Particles/SimpleLit' not found
Refreshing native plugins compatible for Editor in 1.10 ms, found 2 plugins.
Preloading 0 native plugins for Editor in 0.00 ms.
Unloading 3483 Unused Serialized files (Serialized files now loaded: 0)
System memory in use before: 182.9 MB.
System memory in use after: 183.2 MB.

Unloading 9 unused Assets to reduce memory usage. Loaded Objects now: 4287.
Total: 4.924700 ms (FindLiveObjects: 0.735300 ms CreateObjectMapping: 0.262000 ms MarkObjects: 3.897900 ms  DeleteObjects: 0.026900 ms)

========================================================================
Received Import Request.
  Time since last request: 222.437525 seconds.
  path: Assets/Scenes/level_5.unity
  artifactKey: Guid(5b3c719c58cb1c546b83746bc3e3d434) Importer(815301076,1909f56bfc062723c751e8b465ee728b)
Start importing Assets/Scenes/level_5.unity using Guid(5b3c719c58cb1c546b83746bc3e3d434) Importer(815301076,1909f56bfc062723c751e8b465ee728b)  -> (artifact id: 'fe260a55dead5047962102f6906d8da5') in 0.041152 seconds
  Import took 0.054782 seconds .

========================================================================
Received Prepare
Registering precompiled user dll's ...
Registered in 0.014756 seconds.
Begin MonoManager ReloadAssembly
Native extension for WindowsStandalone target not found
Refreshing native plugins compatible for Editor in 0.99 ms, found 2 plugins.
Preloading 0 native plugins for Editor in 0.00 ms.
Invoked RoslynAnalysisRunner static constructor.
RoslynAnalysisRunner will not be running.
RoslynAnalysisRunner has terminated.
Mono: successfully reloaded assembly
- Completed reload, in  1.547 seconds
Platform modules already initialized, skipping
Shader 'Universal Render Pipeline/Particles/Lit': fallback shader 'Universal Render Pipeline/Particles/SimpleLit' not found
Refreshing native plugins compatible for Editor in 1.31 ms, found 2 plugins.
Preloading 0 native plugins for Editor in 0.00 ms.
Unloading 3483 Unused Serialized files (Serialized files now loaded: 0)
System memory in use before: 183.0 MB.
System memory in use after: 183.3 MB.

Unloading 9 unused Assets to reduce memory usage. Loaded Objects now: 4289.
Total: 5.527400 ms (FindLiveObjects: 0.695000 ms CreateObjectMapping: 0.343500 ms MarkObjects: 4.450900 ms  DeleteObjects: 0.036500 ms)

========================================================================
Received Import Request.
  Time since last request: 25.055332 seconds.
  path: Assets/Scenes/level_6.unity
  artifactKey: Guid(4eea90594094a0743aba4933a75a3905) Importer(815301076,1909f56bfc062723c751e8b465ee728b)
Start importing Assets/Scenes/level_6.unity using Guid(4eea90594094a0743aba4933a75a3905) Importer(815301076,1909f56bfc062723c751e8b465ee728b)  -> (artifact id: '2a1961d69d58f7cc46b7d71ea52c74cf') in 0.017926 seconds
  Import took 0.028294 seconds .

========================================================================
Received Import Request.
  Time since last request: 314.576374 seconds.
  path: Assets/Scenes/level_3.unity
  artifactKey: Guid(c0ca69c00cf00344a83e328b934a9b3c) Importer(815301076,1909f56bfc062723c751e8b465ee728b)
Start importing Assets/Scenes/level_3.unity using Guid(c0ca69c00cf00344a83e328b934a9b3c) Importer(815301076,1909f56bfc062723c751e8b465ee728b)  -> (artifact id: '509e7eed04d074f287e1bd7bf6af5adb') in 0.013002 seconds
  Import took 0.027654 seconds .

========================================================================
Received Prepare
Registering precompiled user dll's ...
Registered in 0.007718 seconds.
Begin MonoManager ReloadAssembly
Native extension for WindowsStandalone target not found
Refreshing native plugins compatible for Editor in 1.49 ms, found 2 plugins.
Preloading 0 native plugins for Editor in 0.00 ms.
Invoked RoslynAnalysisRunner static constructor.
RoslynAnalysisRunner will not be running.
RoslynAnalysisRunner has terminated.
Mono: successfully reloaded assembly
- Completed reload, in  1.564 seconds
Platform modules already initialized, skipping
Shader 'Universal Render Pipeline/Particles/Lit': fallback shader 'Universal Render Pipeline/Particles/SimpleLit' not found
Refreshing native plugins compatible for Editor in 2.44 ms, found 2 plugins.
Preloading 0 native plugins for Editor in 0.00 ms.
Unloading 3483 Unused Serialized files (Serialized files now loaded: 0)
System memory in use before: 183.1 MB.
System memory in use after: 183.3 MB.

Unloading 9 unused Assets to reduce memory usage. Loaded Objects now: 4291.
Total: 6.260300 ms (FindLiveObjects: 0.665600 ms CreateObjectMapping: 0.169900 ms MarkObjects: 5.385300 ms  DeleteObjects: 0.035300 ms)

========================================================================
Received Import Request.
  Time since last request: 7.278630 seconds.
  path: Assets/Scenes/level_2.unity
  artifactKey: Guid(10eefdc0391f1ad4da11c4276b4a8910) Importer(815301076,1909f56bfc062723c751e8b465ee728b)
Start importing Assets/Scenes/level_2.unity using Guid(10eefdc0391f1ad4da11c4276b4a8910) Importer(815301076,1909f56bfc062723c751e8b465ee728b)  -> (artifact id: 'b52dca5935d20398eebf044f750d6d73') in 0.030930 seconds
  Import took 0.042228 seconds .

========================================================================
Received Prepare
Registering precompiled user dll's ...
Registered in 0.008119 seconds.
Begin MonoManager ReloadAssembly
Native extension for WindowsStandalone target not found
Refreshing native plugins compatible for Editor in 1.18 ms, found 2 plugins.
Preloading 0 native plugins for Editor in 0.00 ms.
Invoked RoslynAnalysisRunner static constructor.
RoslynAnalysisRunner will not be running.
RoslynAnalysisRunner has terminated.
Mono: successfully reloaded assembly
- Completed reload, in  1.508 seconds
Platform modules already initialized, skipping
Shader 'Universal Render Pipeline/Particles/Lit': fallback shader 'Universal Render Pipeline/Particles/SimpleLit' not found
Refreshing native plugins compatible for Editor in 1.80 ms, found 2 plugins.
Preloading 0 native plugins for Editor in 0.00 ms.
Unloading 3483 Unused Serialized files (Serialized files now loaded: 0)
System memory in use before: 183.1 MB.
System memory in use after: 183.3 MB.

Unloading 9 unused Assets to reduce memory usage. Loaded Objects now: 4293.
Total: 4.221300 ms (FindLiveObjects: 0.852500 ms CreateObjectMapping: 0.186200 ms MarkObjects: 3.150500 ms  DeleteObjects: 0.030000 ms)

========================================================================
Received Import Request.
  Time since last request: 168.874439 seconds.
  path: Assets/Scenes/level_5.unity
  artifactKey: Guid(5b3c719c58cb1c546b83746bc3e3d434) Importer(815301076,1909f56bfc062723c751e8b465ee728b)
Start importing Assets/Scenes/level_5.unity using Guid(5b3c719c58cb1c546b83746bc3e3d434) Importer(815301076,1909f56bfc062723c751e8b465ee728b)  -> (artifact id: '52589dd0dfb7dd0ce96ae3f9ba6f9d2f') in 0.026677 seconds
  Import took 0.039355 seconds .

========================================================================
Received Prepare
Registering precompiled user dll's ...
Registered in 0.010567 seconds.
Begin MonoManager ReloadAssembly
Native extension for WindowsStandalone target not found
Refreshing native plugins compatible for Editor in 1.70 ms, found 2 plugins.
Preloading 0 native plugins for Editor in 0.00 ms.
Invoked RoslynAnalysisRunner static constructor.
RoslynAnalysisRunner will not be running.
RoslynAnalysisRunner has terminated.
Mono: successfully reloaded assembly
- Completed reload, in  2.393 seconds
Platform modules already initialized, skipping
Shader 'Universal Render Pipeline/Particles/Lit': fallback shader 'Universal Render Pipeline/Particles/SimpleLit' not found
Refreshing native plugins compatible for Editor in 1.26 ms, found 2 plugins.
Preloading 0 native plugins for Editor in 0.00 ms.
Unloading 3483 Unused Serialized files (Serialized files now loaded: 0)
System memory in use before: 183.1 MB.
System memory in use after: 183.3 MB.

Unloading 9 unused Assets to reduce memory usage. Loaded Objects now: 4295.
Total: 6.250000 ms (FindLiveObjects: 0.790700 ms CreateObjectMapping: 0.179500 ms MarkObjects: 5.210600 ms  DeleteObjects: 0.064700 ms)

========================================================================
Received Prepare
Registering precompiled user dll's ...
Registered in 0.012565 seconds.
Begin MonoManager ReloadAssembly
Native extension for WindowsStandalone target not found
Refreshing native plugins compatible for Editor in 1.11 ms, found 2 plugins.
Preloading 0 native plugins for Editor in 0.00 ms.
Invoked RoslynAnalysisRunner static constructor.
RoslynAnalysisRunner will not be running.
RoslynAnalysisRunner has terminated.
Mono: successfully reloaded assembly
- Completed reload, in  2.362 seconds
Platform modules already initialized, skipping
Shader 'Universal Render Pipeline/Particles/Lit': fallback shader 'Universal Render Pipeline/Particles/SimpleLit' not found
Refreshing native plugins compatible for Editor in 1.16 ms, found 2 plugins.
Preloading 0 native plugins for Editor in 0.00 ms.
Unloading 3483 Unused Serialized files (Serialized files now loaded: 0)
System memory in use before: 183.1 MB.
System memory in use after: 183.3 MB.

Unloading 9 unused Assets to reduce memory usage. Loaded Objects now: 4297.
Total: 6.422900 ms (FindLiveObjects: 0.709200 ms CreateObjectMapping: 0.194300 ms MarkObjects: 5.479600 ms  DeleteObjects: 0.038000 ms)

========================================================================
Received Import Request.
  Time since last request: 1132.801316 seconds.
  path: Assets/Textures/floor.png
  artifactKey: Guid(b28951a159cb88c4d8e17f9015069e54) Importer(815301076,1909f56bfc062723c751e8b465ee728b)
Start importing Assets/Textures/floor.png using Guid(b28951a159cb88c4d8e17f9015069e54) Importer(815301076,1909f56bfc062723c751e8b465ee728b)  -> (artifact id: 'a3a2a36daa1823d1ee2548a4418f5a3b') in 0.656219 seconds
  Import took 0.819084 seconds .

========================================================================
Received Prepare
Registering precompiled user dll's ...
Registered in 0.006396 seconds.
Begin MonoManager ReloadAssembly
Native extension for WindowsStandalone target not found
Refreshing native plugins compatible for Editor in 1.26 ms, found 2 plugins.
Preloading 0 native plugins for Editor in 0.00 ms.
Invoked RoslynAnalysisRunner static constructor.
RoslynAnalysisRunner will not be running.
RoslynAnalysisRunner has terminated.
Mono: successfully reloaded assembly
- Completed reload, in  1.858 seconds
Platform modules already initialized, skipping
Shader 'Universal Render Pipeline/Particles/Lit': fallback shader 'Universal Render Pipeline/Particles/SimpleLit' not found
Refreshing native plugins compatible for Editor in 2.24 ms, found 2 plugins.
Preloading 0 native plugins for Editor in 0.00 ms.
Unloading 3483 Unused Serialized files (Serialized files now loaded: 0)
System memory in use before: 183.1 MB.
System memory in use after: 183.4 MB.

Unloading 9 unused Assets to reduce memory usage. Loaded Objects now: 4301.
Total: 12.028900 ms (FindLiveObjects: 2.628300 ms CreateObjectMapping: 0.526600 ms MarkObjects: 8.748400 ms  DeleteObjects: 0.118200 ms)

========================================================================
Received Import Request.
  Time since last request: 97.572564 seconds.
  path: Assets/Textures/floor.png
  artifactKey: Guid(b28951a159cb88c4d8e17f9015069e54) Importer(815301076,1909f56bfc062723c751e8b465ee728b)
Start importing Assets/Textures/floor.png using Guid(b28951a159cb88c4d8e17f9015069e54) Importer(815301076,1909f56bfc062723c751e8b465ee728b)  -> (artifact id: '44fffc3eb1f709dc5b7408186b50b4f9') in 0.071453 seconds
  Import took 0.085885 seconds .

========================================================================
Received Import Request.
  Time since last request: 21.065605 seconds.
  path: Assets/Textures/floor.png
  artifactKey: Guid(b28951a159cb88c4d8e17f9015069e54) Importer(815301076,1909f56bfc062723c751e8b465ee728b)
Start importing Assets/Textures/floor.png using Guid(b28951a159cb88c4d8e17f9015069e54) Importer(815301076,1909f56bfc062723c751e8b465ee728b)  -> (artifact id: 'c2df569ab057bb8f845b6063671fbd96') in 0.037275 seconds
  Import took 0.054975 seconds .

========================================================================
Received Import Request.
  Time since last request: 10.337546 seconds.
  path: Assets/Textures/floor.png
  artifactKey: Guid(b28951a159cb88c4d8e17f9015069e54) Importer(815301076,1909f56bfc062723c751e8b465ee728b)
Start importing Assets/Textures/floor.png using Guid(b28951a159cb88c4d8e17f9015069e54) Importer(815301076,1909f56bfc062723c751e8b465ee728b)  -> (artifact id: '04c508e763edd3590e75a74b094188c0') in 0.024013 seconds
  Import took 0.037000 seconds .

========================================================================
Received Import Request.
  Time since last request: 51.803031 seconds.
  path: Assets/Textures/floor.png
  artifactKey: Guid(b28951a159cb88c4d8e17f9015069e54) Importer(815301076,1909f56bfc062723c751e8b465ee728b)
Start importing Assets/Textures/floor.png using Guid(b28951a159cb88c4d8e17f9015069e54) Importer(815301076,1909f56bfc062723c751e8b465ee728b)  -> (artifact id: 'b45a589b5c2ff0996282878c100cb201') in 0.037688 seconds
  Import took 0.055093 seconds .

========================================================================
Received Import Request.
  Time since last request: 210.473503 seconds.
  path: Assets/Textures/darkfloor.png
  artifactKey: Guid(283384f20c459624d8e57fcf1dc47efd) Importer(815301076,1909f56bfc062723c751e8b465ee728b)
Start importing Assets/Textures/darkfloor.png using Guid(283384f20c459624d8e57fcf1dc47efd) Importer(815301076,1909f56bfc062723c751e8b465ee728b)  -> (artifact id: '221aeddf874350131ae9da3a389b62b6') in 0.042395 seconds
  Import took 0.058203 seconds .

========================================================================
Received Import Request.
  Time since last request: 217.227247 seconds.
  path: Assets/Textures/20x20_tiles_of_dark_metal_flooring.png
  artifactKey: Guid(1f259edc9a520fb4c80e545fc7fe569c) Importer(815301076,1909f56bfc062723c751e8b465ee728b)
Start importing Assets/Textures/20x20_tiles_of_dark_metal_flooring.png using Guid(1f259edc9a520fb4c80e545fc7fe569c) Importer(815301076,1909f56bfc062723c751e8b465ee728b)  -> (artifact id: '770e3d78fd9690d3302cdc5bea2e4fc8') in 0.049417 seconds
  Import took 0.068501 seconds .

========================================================================
Received Import Request.
  Time since last request: 58.911490 seconds.
  path: Assets/Scenes/level_3.unity
  artifactKey: Guid(c0ca69c00cf00344a83e328b934a9b3c) Importer(815301076,1909f56bfc062723c751e8b465ee728b)
Start importing Assets/Scenes/level_3.unity using Guid(c0ca69c00cf00344a83e328b934a9b3c) Importer(815301076,1909f56bfc062723c751e8b465ee728b)  -> (artifact id: 'fd85f586e60a87b79545388400f048e9') in 0.030013 seconds
  Import took 0.053515 seconds .

========================================================================
Received Import Request.
  Time since last request: 15.609904 seconds.
  path: Assets/Scenes/level_5.unity
  artifactKey: Guid(5b3c719c58cb1c546b83746bc3e3d434) Importer(815301076,1909f56bfc062723c751e8b465ee728b)
Start importing Assets/Scenes/level_5.unity using Guid(5b3c719c58cb1c546b83746bc3e3d434) Importer(815301076,1909f56bfc062723c751e8b465ee728b)  -> (artifact id: 'a4c078a7dce840cfd16111f05159d644') in 0.011265 seconds
  Import took 0.027653 seconds .

========================================================================
Received Import Request.
  Time since last request: 0.005545 seconds.
  path: Assets/Scenes/level_5.unity
  artifactKey: Guid(5b3c719c58cb1c546b83746bc3e3d434) Importer(815301076,1909f56bfc062723c751e8b465ee728b)
Start importing Assets/Scenes/level_5.unity using Guid(5b3c719c58cb1c546b83746bc3e3d434) Importer(815301076,1909f56bfc062723c751e8b465ee728b)  -> (artifact id: 'a4c078a7dce840cfd16111f05159d644') in 0.005266 seconds
  Import took 0.018161 seconds .

========================================================================
Received Import Request.
  Time since last request: 22.456769 seconds.
  path: Assets/Scenes/level_8.unity
  artifactKey: Guid(a05c17216b848394e95c434c9a2345ad) Importer(815301076,1909f56bfc062723c751e8b465ee728b)
Start importing Assets/Scenes/level_8.unity using Guid(a05c17216b848394e95c434c9a2345ad) Importer(815301076,1909f56bfc062723c751e8b465ee728b)  -> (artifact id: '3051a0fb2c663e21b0f71c02c2848292') in 0.019908 seconds
  Import took 0.034140 seconds .

========================================================================
Received Import Request.
  Time since last request: 3.906528 seconds.
  path: Assets/Scenes/level_1.unity
  artifactKey: Guid(b4aafc4ecd6a3ff4f94c64b516f5e292) Importer(815301076,1909f56bfc062723c751e8b465ee728b)
Start importing Assets/Scenes/level_1.unity using Guid(b4aafc4ecd6a3ff4f94c64b516f5e292) Importer(815301076,1909f56bfc062723c751e8b465ee728b)  -> (artifact id: '3eb72585c92582a339f305a7bade7c15') in 0.030370 seconds
  Import took 0.048978 seconds .

========================================================================
Received Import Request.
  Time since last request: 217.185168 seconds.
  path: Assets/Scenes/level_3.unity
  artifactKey: Guid(c0ca69c00cf00344a83e328b934a9b3c) Importer(815301076,1909f56bfc062723c751e8b465ee728b)
Start importing Assets/Scenes/level_3.unity using Guid(c0ca69c00cf00344a83e328b934a9b3c) Importer(815301076,1909f56bfc062723c751e8b465ee728b)  -> (artifact id: '11be459328cb4826d76de015c9162d8f') in 0.019556 seconds
  Import took 0.035709 seconds .

========================================================================
Received Prepare
Registering precompiled user dll's ...
Registered in 0.013728 seconds.
Begin MonoManager ReloadAssembly
Native extension for WindowsStandalone target not found
Refreshing native plugins compatible for Editor in 1.98 ms, found 2 plugins.
Preloading 0 native plugins for Editor in 0.00 ms.
Invoked RoslynAnalysisRunner static constructor.
RoslynAnalysisRunner will not be running.
RoslynAnalysisRunner has terminated.
Mono: successfully reloaded assembly
- Completed reload, in  3.327 seconds
Platform modules already initialized, skipping
Shader 'Universal Render Pipeline/Particles/Lit': fallback shader 'Universal Render Pipeline/Particles/SimpleLit' not found
Refreshing native plugins compatible for Editor in 1.38 ms, found 2 plugins.
Preloading 0 native plugins for Editor in 0.00 ms.
Unloading 3483 Unused Serialized files (Serialized files now loaded: 0)
System memory in use before: 183.2 MB.
System memory in use after: 183.4 MB.

Unloading 9 unused Assets to reduce memory usage. Loaded Objects now: 4304.
Total: 4.959200 ms (FindLiveObjects: 0.942800 ms CreateObjectMapping: 0.283500 ms MarkObjects: 3.679900 ms  DeleteObjects: 0.049700 ms)

========================================================================
Received Import Request.
  Time since last request: 181.606850 seconds.
  path: Assets/Scenes/level_3.unity
  artifactKey: Guid(c0ca69c00cf00344a83e328b934a9b3c) Importer(815301076,1909f56bfc062723c751e8b465ee728b)
Start importing Assets/Scenes/level_3.unity using Guid(c0ca69c00cf00344a83e328b934a9b3c) Importer(815301076,1909f56bfc062723c751e8b465ee728b)  -> (artifact id: '7ce5ebce5a227c5268396031ac133f91') in 0.307472 seconds
  Import took 0.326908 seconds .

========================================================================
Received Import Request.
  Time since last request: 0.027655 seconds.
  path: Assets/Scenes/level_3.unity
  artifactKey: Guid(c0ca69c00cf00344a83e328b934a9b3c) Importer(815301076,1909f56bfc062723c751e8b465ee728b)
Start importing Assets/Scenes/level_3.unity using Guid(c0ca69c00cf00344a83e328b934a9b3c) Importer(815301076,1909f56bfc062723c751e8b465ee728b)  -> (artifact id: '7ce5ebce5a227c5268396031ac133f91') in 0.007196 seconds
  Import took 0.021938 seconds .

========================================================================
Received Prepare
Registering precompiled user dll's ...
Registered in 0.017324 seconds.
Begin MonoManager ReloadAssembly
Native extension for WindowsStandalone target not found
Refreshing native plugins compatible for Editor in 1.61 ms, found 2 plugins.
Preloading 0 native plugins for Editor in 0.00 ms.
Invoked RoslynAnalysisRunner static constructor.
RoslynAnalysisRunner will not be running.
RoslynAnalysisRunner has terminated.
Mono: successfully reloaded assembly
- Completed reload, in  2.548 seconds
Platform modules already initialized, skipping
Shader 'Universal Render Pipeline/Particles/Lit': fallback shader 'Universal Render Pipeline/Particles/SimpleLit' not found
Refreshing native plugins compatible for Editor in 2.72 ms, found 2 plugins.
Preloading 0 native plugins for Editor in 0.00 ms.
Unloading 3483 Unused Serialized files (Serialized files now loaded: 0)
System memory in use before: 183.2 MB.
System memory in use after: 183.4 MB.

Unloading 9 unused Assets to reduce memory usage. Loaded Objects now: 4306.
Total: 6.814800 ms (FindLiveObjects: 1.291800 ms CreateObjectMapping: 0.492300 ms MarkObjects: 4.958000 ms  DeleteObjects: 0.048800 ms)

========================================================================
Received Prepare
Registering precompiled user dll's ...
Registered in 0.015254 seconds.
Begin MonoManager ReloadAssembly
Native extension for WindowsStandalone target not found
Refreshing native plugins compatible for Editor in 1.25 ms, found 2 plugins.
Preloading 0 native plugins for Editor in 0.00 ms.
Invoked RoslynAnalysisRunner static constructor.
RoslynAnalysisRunner will not be running.
RoslynAnalysisRunner has terminated.
Mono: successfully reloaded assembly
- Completed reload, in  2.432 seconds
Platform modules already initialized, skipping
Shader 'Universal Render Pipeline/Particles/Lit': fallback shader 'Universal Render Pipeline/Particles/SimpleLit' not found
Refreshing native plugins compatible for Editor in 1.47 ms, found 2 plugins.
Preloading 0 native plugins for Editor in 0.00 ms.
Unloading 3483 Unused Serialized files (Serialized files now loaded: 0)
System memory in use before: 183.2 MB.
System memory in use after: 183.4 MB.

Unloading 9 unused Assets to reduce memory usage. Loaded Objects now: 4308.
Total: 4.407700 ms (FindLiveObjects: 0.606400 ms CreateObjectMapping: 0.243800 ms MarkObjects: 3.520200 ms  DeleteObjects: 0.035400 ms)

========================================================================
Received Import Request.
  Time since last request: 6151.639350 seconds.
  path: Assets/Scenes/level_2.unity
  artifactKey: Guid(10eefdc0391f1ad4da11c4276b4a8910) Importer(815301076,1909f56bfc062723c751e8b465ee728b)
Start importing Assets/Scenes/level_2.unity using Guid(10eefdc0391f1ad4da11c4276b4a8910) Importer(815301076,1909f56bfc062723c751e8b465ee728b)  -> (artifact id: '60f157f2e1ecdb8ef8595382536c9dd2') in 0.576504 seconds
  Import took 1.008106 seconds .

========================================================================
Received Import Request.
  Time since last request: 26.433684 seconds.
  path: Assets/Scenes/level_4.unity
  artifactKey: Guid(b322bd926303fcc4d97c9d0d83c3b17b) Importer(815301076,1909f56bfc062723c751e8b465ee728b)
Start importing Assets/Scenes/level_4.unity using Guid(b322bd926303fcc4d97c9d0d83c3b17b) Importer(815301076,1909f56bfc062723c751e8b465ee728b)  -> (artifact id: '4df4f36ecd362bd95eeef1c01385258f') in 0.009395 seconds
  Import took 0.021656 seconds .

========================================================================
Received Import Request.
  Time since last request: 9.470272 seconds.
  path: Assets/Scenes/level_5.unity
  artifactKey: Guid(5b3c719c58cb1c546b83746bc3e3d434) Importer(815301076,1909f56bfc062723c751e8b465ee728b)
Start importing Assets/Scenes/level_5.unity using Guid(5b3c719c58cb1c546b83746bc3e3d434) Importer(815301076,1909f56bfc062723c751e8b465ee728b)  -> (artifact id: '890567d1cd5222abb33288d6f8137355') in 0.009111 seconds
  Import took 0.020131 seconds .

========================================================================
Received Import Request.
  Time since last request: 0.003385 seconds.
  path: Assets/Scenes/level_5.unity
  artifactKey: Guid(5b3c719c58cb1c546b83746bc3e3d434) Importer(815301076,1909f56bfc062723c751e8b465ee728b)
Start importing Assets/Scenes/level_5.unity using Guid(5b3c719c58cb1c546b83746bc3e3d434) Importer(815301076,1909f56bfc062723c751e8b465ee728b)  -> (artifact id: '890567d1cd5222abb33288d6f8137355') in 0.003745 seconds
  Import took 0.016908 seconds .

========================================================================
Received Import Request.
  Time since last request: 27.180375 seconds.
  path: Assets/Scenes/level_6.unity
  artifactKey: Guid(4eea90594094a0743aba4933a75a3905) Importer(815301076,1909f56bfc062723c751e8b465ee728b)
Start importing Assets/Scenes/level_6.unity using Guid(4eea90594094a0743aba4933a75a3905) Importer(815301076,1909f56bfc062723c751e8b465ee728b)  -> (artifact id: 'f97c0cd3ace95bf636b76b440c5217b7') in 0.017474 seconds
  Import took 0.028001 seconds .

========================================================================
Received Import Request.
  Time since last request: 12.552899 seconds.
  path: Assets/Scenes/level_7.unity
  artifactKey: Guid(d12c9f5aba080bf4a8e32abd0a78d88b) Importer(815301076,1909f56bfc062723c751e8b465ee728b)
Start importing Assets/Scenes/level_7.unity using Guid(d12c9f5aba080bf4a8e32abd0a78d88b) Importer(815301076,1909f56bfc062723c751e8b465ee728b)  -> (artifact id: '3aca303a50f59a0b58e74a57fe072ea0') in 0.016744 seconds
  Import took 0.027631 seconds .

========================================================================
Received Prepare
Registering precompiled user dll's ...
Registered in 0.010154 seconds.
Begin MonoManager ReloadAssembly
Native extension for WindowsStandalone target not found
Refreshing native plugins compatible for Editor in 2.23 ms, found 2 plugins.
Preloading 0 native plugins for Editor in 0.00 ms.
Invoked RoslynAnalysisRunner static constructor.
RoslynAnalysisRunner will not be running.
RoslynAnalysisRunner has terminated.
Mono: successfully reloaded assembly
- Completed reload, in  2.321 seconds
Platform modules already initialized, skipping
Shader 'Universal Render Pipeline/Particles/Lit': fallback shader 'Universal Render Pipeline/Particles/SimpleLit' not found
Refreshing native plugins compatible for Editor in 1.40 ms, found 2 plugins.
Preloading 0 native plugins for Editor in 0.00 ms.
Unloading 3483 Unused Serialized files (Serialized files now loaded: 0)
System memory in use before: 183.2 MB.
System memory in use after: 183.5 MB.

Unloading 9 unused Assets to reduce memory usage. Loaded Objects now: 4310.
Total: 12.147000 ms (FindLiveObjects: 1.369600 ms CreateObjectMapping: 0.214500 ms MarkObjects: 10.046000 ms  DeleteObjects: 0.353700 ms)

========================================================================
Received Prepare
Registering precompiled user dll's ...
Registered in 0.006172 seconds.
Begin MonoManager ReloadAssembly
Native extension for WindowsStandalone target not found
Refreshing native plugins compatible for Editor in 1.21 ms, found 2 plugins.
Preloading 0 native plugins for Editor in 0.00 ms.
Invoked RoslynAnalysisRunner static constructor.
RoslynAnalysisRunner will not be running.
RoslynAnalysisRunner has terminated.
Mono: successfully reloaded assembly
- Completed reload, in  1.478 seconds
Platform modules already initialized, skipping
Shader 'Universal Render Pipeline/Particles/Lit': fallback shader 'Universal Render Pipeline/Particles/SimpleLit' not found
Refreshing native plugins compatible for Editor in 0.78 ms, found 2 plugins.
Preloading 0 native plugins for Editor in 0.00 ms.
Unloading 3483 Unused Serialized files (Serialized files now loaded: 0)
System memory in use before: 183.2 MB.
System memory in use after: 183.5 MB.

Unloading 9 unused Assets to reduce memory usage. Loaded Objects now: 4312.
Total: 7.010200 ms (FindLiveObjects: 0.460500 ms CreateObjectMapping: 0.113700 ms MarkObjects: 6.406600 ms  DeleteObjects: 0.026400 ms)

========================================================================
Received Prepare
Registering precompiled user dll's ...
Registered in 0.005587 seconds.
Begin MonoManager ReloadAssembly
Native extension for WindowsStandalone target not found
Refreshing native plugins compatible for Editor in 0.76 ms, found 2 plugins.
Preloading 0 native plugins for Editor in 0.00 ms.
Invoked RoslynAnalysisRunner static constructor.
RoslynAnalysisRunner will not be running.
RoslynAnalysisRunner has terminated.
Mono: successfully reloaded assembly
- Completed reload, in  0.837 seconds
Platform modules already initialized, skipping
Shader 'Universal Render Pipeline/Particles/Lit': fallback shader 'Universal Render Pipeline/Particles/SimpleLit' not found
Refreshing native plugins compatible for Editor in 0.79 ms, found 2 plugins.
Preloading 0 native plugins for Editor in 0.00 ms.
Unloading 3483 Unused Serialized files (Serialized files now loaded: 0)
System memory in use before: 183.2 MB.
System memory in use after: 183.5 MB.

Unloading 9 unused Assets to reduce memory usage. Loaded Objects now: 4314.
Total: 2.801700 ms (FindLiveObjects: 0.568700 ms CreateObjectMapping: 0.116700 ms MarkObjects: 2.095500 ms  DeleteObjects: 0.018800 ms)

========================================================================
Received Import Request.
  Time since last request: 459.940423 seconds.
  path: Assets/Scenes/level_1.unity
  artifactKey: Guid(b4aafc4ecd6a3ff4f94c64b516f5e292) Importer(815301076,1909f56bfc062723c751e8b465ee728b)
Start importing Assets/Scenes/level_1.unity using Guid(b4aafc4ecd6a3ff4f94c64b516f5e292) Importer(815301076,1909f56bfc062723c751e8b465ee728b)  -> (artifact id: '48e508a4901f973368ab084154ae163d') in 0.088019 seconds
  Import took 0.190336 seconds .

========================================================================
Received Import Request.
  Time since last request: 0.031463 seconds.
  path: Assets/Scenes/level_1.unity
  artifactKey: Guid(b4aafc4ecd6a3ff4f94c64b516f5e292) Importer(815301076,1909f56bfc062723c751e8b465ee728b)
Start importing Assets/Scenes/level_1.unity using Guid(b4aafc4ecd6a3ff4f94c64b516f5e292) Importer(815301076,1909f56bfc062723c751e8b465ee728b)  -> (artifact id: '48e508a4901f973368ab084154ae163d') in 0.003312 seconds
  Import took 0.012404 seconds .

========================================================================
Received Prepare
Shader 'Universal Render Pipeline/Particles/Lit': fallback shader 'Universal Render Pipeline/Particles/SimpleLit' not found
Refreshing native plugins compatible for Editor in 11.87 ms, found 2 plugins.
Preloading 0 native plugins for Editor in 0.00 ms.
Unloading 7 Unused Serialized files (Serialized files now loaded: 0)
System memory in use before: 114.7 MB.
System memory in use after: 115.0 MB.

Unloading 7 unused Assets to reduce memory usage. Loaded Objects now: 4314.
Total: 72.728400 ms (FindLiveObjects: 1.559600 ms CreateObjectMapping: 0.639800 ms MarkObjects: 70.494400 ms  DeleteObjects: 0.029200 ms)

========================================================================
Received Import Request.
  Time since last request: 131.635394 seconds.
  path: Assets/Scenes/level_8.unity
  artifactKey: Guid(a05c17216b848394e95c434c9a2345ad) Importer(815301076,1909f56bfc062723c751e8b465ee728b)
Start importing Assets/Scenes/level_8.unity using Guid(a05c17216b848394e95c434c9a2345ad) Importer(815301076,1909f56bfc062723c751e8b465ee728b)  -> (artifact id: '29292c95e6bd12e8f423c83a1e4f9228') in 0.208089 seconds
  Import took 0.226846 seconds .

========================================================================
Received Import Request.
  Time since last request: 0.052701 seconds.
  path: Assets/Scenes/level_8.unity
  artifactKey: Guid(a05c17216b848394e95c434c9a2345ad) Importer(815301076,1909f56bfc062723c751e8b465ee728b)
Start importing Assets/Scenes/level_8.unity using Guid(a05c17216b848394e95c434c9a2345ad) Importer(815301076,1909f56bfc062723c751e8b465ee728b)  -> (artifact id: '29292c95e6bd12e8f423c83a1e4f9228') in 0.003096 seconds
  Import took 0.012492 seconds .

========================================================================
Received Prepare
Shader 'Universal Render Pipeline/Particles/Lit': fallback shader 'Universal Render Pipeline/Particles/SimpleLit' not found
Refreshing native plugins compatible for Editor in 4.68 ms, found 2 plugins.
Preloading 0 native plugins for Editor in 0.00 ms.
Unloading 7 Unused Serialized files (Serialized files now loaded: 0)
System memory in use before: 114.7 MB.
System memory in use after: 115.0 MB.

Unloading 7 unused Assets to reduce memory usage. Loaded Objects now: 4314.
Total: 3.543000 ms (FindLiveObjects: 0.525800 ms CreateObjectMapping: 0.135000 ms MarkObjects: 2.864200 ms  DeleteObjects: 0.016500 ms)

AssetImportWorkerClient::OnTransportError - code=2 error=End of file
