Using pre-set license
Built from '2020.2/release' branch; Version is '2020.2.4f1 (becced5a802b) revision 12504301'; Using compiler version '192528614'; Build Type 'Release'
OS: 'Windows 10 Home; OS build 22631.3593; Version 2009; 64bit' Language: 'en' Physical Memory: 5996 MB
BatchMode: 1, IsHumanControllingUs: 0, StartBugReporterOnCrash: 0, Is64bit: 1, IsPro: 0

 COMMAND LINE ARGUMENTS:
C:\Program Files\Unity\Hub\Editor\2020.2.4f1\Editor\Unity.exe
-adb2
-batchMode
-noUpm
-name
AssetImportWorker0
-projectPath
C:/Users/holmi/OneDrive/Documents/UPF/InterSys/laser_game
-logFile
Logs/AssetImportWorker0.log
-srvPort
52966
Successfully changed project path to: C:/Users/holmi/OneDrive/Documents/UPF/InterSys/laser_game
C:/Users/holmi/OneDrive/Documents/UPF/InterSys/laser_game
Using Asset Import Pipeline V2.
Refreshing native plugins compatible for Editor in 128.06 ms, found 2 plugins.
Preloading 0 native plugins for Editor in 0.00 ms.
Initialize engine version: 2020.2.4f1 (becced5a802b)
[Subsystems] Discovering subsystems at path C:/Program Files/Unity/Hub/Editor/2020.2.4f1/Editor/Data/Resources/UnitySubsystems
[Subsystems] Discovering subsystems at path C:/Users/holmi/OneDrive/Documents/UPF/InterSys/laser_game/Assets
GfxDevice: creating device client; threaded=0
Direct3D:
    Version:  Direct3D 11.0 [level 11.1]
    Renderer: NVIDIA GeForce RTX 3060 Laptop GPU (ID=0x2520)
    Vendor:   
    VRAM:     6012 MB
    Driver:   31.0.15.3197
Shader 'Universal Render Pipeline/Particles/Lit': fallback shader 'Universal Render Pipeline/Particles/SimpleLit' not found
Initialize mono
Mono path[0] = 'C:/Program Files/Unity/Hub/Editor/2020.2.4f1/Editor/Data/Managed'
Mono path[1] = 'C:/Program Files/Unity/Hub/Editor/2020.2.4f1/Editor/Data/MonoBleedingEdge/lib/mono/unityjit'
Mono config path = 'C:/Program Files/Unity/Hub/Editor/2020.2.4f1/Editor/Data/MonoBleedingEdge/etc'
Using monoOptions --debugger-agent=transport=dt_socket,embedding=1,server=y,suspend=n,address=127.0.0.1:56888
Begin MonoManager ReloadAssembly
Registering precompiled unity dll's ...
Register platform support module: C:/Program Files/Unity/Hub/Editor/2020.2.4f1/Editor/Data/PlaybackEngines/WindowsStandaloneSupport/UnityEditor.WindowsStandalone.Extensions.dll
Registered in 0.002678 seconds.
Native extension for WindowsStandalone target not found
Refreshing native plugins compatible for Editor in 87.09 ms, found 2 plugins.
Preloading 0 native plugins for Editor in 0.00 ms.
Invoked RoslynAnalysisRunner static constructor.
RoslynAnalysisRunner will not be running.
RoslynAnalysisRunner has terminated.
Mono: successfully reloaded assembly
- Completed reload, in  1.899 seconds
Platform modules already initialized, skipping
Registering precompiled user dll's ...
Registered in 0.012339 seconds.
Begin MonoManager ReloadAssembly
Native extension for WindowsStandalone target not found
Refreshing native plugins compatible for Editor in 105.60 ms, found 2 plugins.
Preloading 0 native plugins for Editor in 0.00 ms.
Invoked RoslynAnalysisRunner static constructor.
RoslynAnalysisRunner will not be running.
RoslynAnalysisRunner has terminated.
Mono: successfully reloaded assembly
- Completed reload, in  1.575 seconds
Platform modules already initialized, skipping
========================================================================
Worker process is ready to serve import requests
Shader 'Universal Render Pipeline/Particles/Lit': fallback shader 'Universal Render Pipeline/Particles/SimpleLit' not found
Launched and connected shader compiler UnityShaderCompiler.exe after 0.05 seconds
Refreshing native plugins compatible for Editor in 1.75 ms, found 2 plugins.
Preloading 0 native plugins for Editor in 0.00 ms.
Unloading 3824 Unused Serialized files (Serialized files now loaded: 0)
System memory in use before: 200.6 MB.
System memory in use after: 200.8 MB.

Unloading 14 unused Assets to reduce memory usage. Loaded Objects now: 4282.
Total: 3.513800 ms (FindLiveObjects: 1.088300 ms CreateObjectMapping: 0.103900 ms MarkObjects: 2.209600 ms  DeleteObjects: 0.110800 ms)

========================================================================
Received Import Request.
  path: Assets/Scenes/Scene.unity
  artifactKey: Guid(7caa62cc387295b4f914c27933b17bf5) Importer(815301076,1909f56bfc062723c751e8b465ee728b)
Start importing Assets/Scenes/Scene.unity using Guid(7caa62cc387295b4f914c27933b17bf5) Importer(815301076,1909f56bfc062723c751e8b465ee728b)  -> (artifact id: 'd224f5d7811c93f49c372f38406a5454') in 0.022480 seconds
  Import took 0.033891 seconds .

========================================================================
Received Prepare
Registering precompiled user dll's ...
Registered in 0.006721 seconds.
Begin MonoManager ReloadAssembly
Native extension for WindowsStandalone target not found
Refreshing native plugins compatible for Editor in 0.87 ms, found 2 plugins.
Preloading 0 native plugins for Editor in 0.00 ms.
Invoked RoslynAnalysisRunner static constructor.
RoslynAnalysisRunner will not be running.
RoslynAnalysisRunner has terminated.
Mono: successfully reloaded assembly
- Completed reload, in  0.939 seconds
Platform modules already initialized, skipping
Shader 'Universal Render Pipeline/Particles/Lit': fallback shader 'Universal Render Pipeline/Particles/SimpleLit' not found
Refreshing native plugins compatible for Editor in 0.79 ms, found 2 plugins.
Preloading 0 native plugins for Editor in 0.00 ms.
Unloading 3484 Unused Serialized files (Serialized files now loaded: 0)
System memory in use before: 182.9 MB.
System memory in use after: 183.1 MB.

Unloading 9 unused Assets to reduce memory usage. Loaded Objects now: 4284.
Total: 2.584500 ms (FindLiveObjects: 0.434600 ms CreateObjectMapping: 0.106800 ms MarkObjects: 2.022700 ms  DeleteObjects: 0.017800 ms)

========================================================================
Received Import Request.
  Time since last request: 75.181942 seconds.
  path: Assets/Scenes/Scene.unity
  artifactKey: Guid(7caa62cc387295b4f914c27933b17bf5) Importer(815301076,1909f56bfc062723c751e8b465ee728b)
Start importing Assets/Scenes/Scene.unity using Guid(7caa62cc387295b4f914c27933b17bf5) Importer(815301076,1909f56bfc062723c751e8b465ee728b)  -> (artifact id: 'f1cc77ecf8fbf2580dece7e629a79124') in 0.102826 seconds
  Import took 0.112876 seconds .

========================================================================
Received Prepare
Registering precompiled user dll's ...
Registered in 0.004258 seconds.
Begin MonoManager ReloadAssembly
Native extension for WindowsStandalone target not found
Refreshing native plugins compatible for Editor in 0.82 ms, found 2 plugins.
Preloading 0 native plugins for Editor in 0.00 ms.
Invoked RoslynAnalysisRunner static constructor.
RoslynAnalysisRunner will not be running.
RoslynAnalysisRunner has terminated.
Mono: successfully reloaded assembly
- Completed reload, in  0.838 seconds
Platform modules already initialized, skipping
Shader 'Universal Render Pipeline/Particles/Lit': fallback shader 'Universal Render Pipeline/Particles/SimpleLit' not found
Refreshing native plugins compatible for Editor in 0.98 ms, found 2 plugins.
Preloading 0 native plugins for Editor in 0.00 ms.
Unloading 3484 Unused Serialized files (Serialized files now loaded: 0)
System memory in use before: 182.9 MB.
System memory in use after: 183.2 MB.

Unloading 9 unused Assets to reduce memory usage. Loaded Objects now: 4286.
Total: 2.986400 ms (FindLiveObjects: 0.504200 ms CreateObjectMapping: 0.132900 ms MarkObjects: 2.322400 ms  DeleteObjects: 0.024800 ms)

========================================================================
Received Import Request.
  Time since last request: 37.384039 seconds.
  path: Assets/Scenes/level_1.unity
  artifactKey: Guid(b4aafc4ecd6a3ff4f94c64b516f5e292) Importer(815301076,1909f56bfc062723c751e8b465ee728b)
Start importing Assets/Scenes/level_1.unity using Guid(b4aafc4ecd6a3ff4f94c64b516f5e292) Importer(815301076,1909f56bfc062723c751e8b465ee728b)  -> (artifact id: 'f82ed83afa0d3bcbe114292398804847') in 0.018104 seconds
  Import took 0.024849 seconds .

========================================================================
Received Import Request.
  Time since last request: 1.911333 seconds.
  path: Assets/Scenes/Scene.unity
  artifactKey: Guid(7caa62cc387295b4f914c27933b17bf5) Importer(815301076,1909f56bfc062723c751e8b465ee728b)
Start importing Assets/Scenes/Scene.unity using Guid(7caa62cc387295b4f914c27933b17bf5) Importer(815301076,1909f56bfc062723c751e8b465ee728b)  -> (artifact id: '083ae72c727fa87b8801bcdfca56e663') in 0.004292 seconds
  Import took 0.016655 seconds .

========================================================================
Received Import Request.
  Time since last request: 7.568569 seconds.
  path: Assets/Scenes/level_2.unity
  artifactKey: Guid(10eefdc0391f1ad4da11c4276b4a8910) Importer(815301076,1909f56bfc062723c751e8b465ee728b)
Start importing Assets/Scenes/level_2.unity using Guid(10eefdc0391f1ad4da11c4276b4a8910) Importer(815301076,1909f56bfc062723c751e8b465ee728b)  -> (artifact id: '267e56c3b357e67bec610a7c991e4eee') in 0.011872 seconds
  Import took 0.019705 seconds .

========================================================================
Received Import Request.
  Time since last request: 6.869200 seconds.
  path: Assets/Scenes/level_3.unity
  artifactKey: Guid(c0ca69c00cf00344a83e328b934a9b3c) Importer(815301076,1909f56bfc062723c751e8b465ee728b)
Start importing Assets/Scenes/level_3.unity using Guid(c0ca69c00cf00344a83e328b934a9b3c) Importer(815301076,1909f56bfc062723c751e8b465ee728b)  -> (artifact id: '0ec8c124f45bafa4e4777cead6b4bb7a') in 0.014965 seconds
  Import took 0.023684 seconds .

========================================================================
Received Import Request.
  Time since last request: 1.295490 seconds.
  path: Assets/Scenes/level_4.unity
  artifactKey: Guid(b322bd926303fcc4d97c9d0d83c3b17b) Importer(815301076,1909f56bfc062723c751e8b465ee728b)
Start importing Assets/Scenes/level_4.unity using Guid(b322bd926303fcc4d97c9d0d83c3b17b) Importer(815301076,1909f56bfc062723c751e8b465ee728b)  -> (artifact id: 'edfe861dfff246050d3297858169b376') in 0.018343 seconds
  Import took 0.028834 seconds .

========================================================================
Received Import Request.
  Time since last request: 1.005136 seconds.
  path: Assets/Scenes/level_5.unity
  artifactKey: Guid(5b3c719c58cb1c546b83746bc3e3d434) Importer(815301076,1909f56bfc062723c751e8b465ee728b)
Start importing Assets/Scenes/level_5.unity using Guid(5b3c719c58cb1c546b83746bc3e3d434) Importer(815301076,1909f56bfc062723c751e8b465ee728b)  -> (artifact id: '78603b5af8ba0d0edd7ee90048d8551e') in 0.012081 seconds
  Import took 0.019783 seconds .

========================================================================
Received Import Request.
  Time since last request: 0.867316 seconds.
  path: Assets/Scenes/level_6.unity
  artifactKey: Guid(4eea90594094a0743aba4933a75a3905) Importer(815301076,1909f56bfc062723c751e8b465ee728b)
Start importing Assets/Scenes/level_6.unity using Guid(4eea90594094a0743aba4933a75a3905) Importer(815301076,1909f56bfc062723c751e8b465ee728b)  -> (artifact id: 'a121ae5768e7e95b801b14832fe8229b') in 0.013952 seconds
  Import took 0.023130 seconds .

========================================================================
Received Import Request.
  Time since last request: 0.882859 seconds.
  path: Assets/Scenes/level_7.unity
  artifactKey: Guid(d12c9f5aba080bf4a8e32abd0a78d88b) Importer(815301076,1909f56bfc062723c751e8b465ee728b)
Start importing Assets/Scenes/level_7.unity using Guid(d12c9f5aba080bf4a8e32abd0a78d88b) Importer(815301076,1909f56bfc062723c751e8b465ee728b)  -> (artifact id: '57d74e311929b59b7c240a8458336580') in 0.013315 seconds
  Import took 0.021312 seconds .

========================================================================
Received Prepare
Registering precompiled user dll's ...
Registered in 0.003110 seconds.
Begin MonoManager ReloadAssembly
Native extension for WindowsStandalone target not found
Refreshing native plugins compatible for Editor in 0.76 ms, found 2 plugins.
Preloading 0 native plugins for Editor in 0.00 ms.
Invoked RoslynAnalysisRunner static constructor.
RoslynAnalysisRunner will not be running.
RoslynAnalysisRunner has terminated.
Mono: successfully reloaded assembly
- Completed reload, in  0.825 seconds
Platform modules already initialized, skipping
Shader 'Universal Render Pipeline/Particles/Lit': fallback shader 'Universal Render Pipeline/Particles/SimpleLit' not found
Refreshing native plugins compatible for Editor in 0.84 ms, found 2 plugins.
Preloading 0 native plugins for Editor in 0.00 ms.
Unloading 3484 Unused Serialized files (Serialized files now loaded: 0)
System memory in use before: 183.0 MB.
System memory in use after: 183.2 MB.

Unloading 9 unused Assets to reduce memory usage. Loaded Objects now: 4288.
Total: 3.353900 ms (FindLiveObjects: 0.772100 ms CreateObjectMapping: 0.184300 ms MarkObjects: 2.366900 ms  DeleteObjects: 0.029000 ms)

========================================================================
Received Import Request.
  Time since last request: 78.765061 seconds.
  path: Assets/Scenes/level_2.unity
  artifactKey: Guid(10eefdc0391f1ad4da11c4276b4a8910) Importer(815301076,1909f56bfc062723c751e8b465ee728b)
Start importing Assets/Scenes/level_2.unity using Guid(10eefdc0391f1ad4da11c4276b4a8910) Importer(815301076,1909f56bfc062723c751e8b465ee728b)  -> (artifact id: 'e83422f5e65244c86f61dc3f50b511b9') in 0.014776 seconds
  Import took 0.028774 seconds .

AssetImportWorkerClient::OnTransportError - code=2 error=End of file
